<?xml version="1.0" encoding="UTF-8"?>
<!-- Generated by org.testng.reporters.JUnitReportReporter -->
<testsuite skipped="0" hostname="MT-5CD122JR0C" name="com.mindtree.Runner.BookRunner" tests="1" failures="0" timestamp="2021-11-09T13:35:31 IST" time="32.682" errors="0">
  <testcase name="runScenario" time="32.682" classname="com.mindtree.Runner.BookRunner"/>
</testsuite> <!-- com.mindtree.Runner.BookRunner -->
