<?xml version="1.0" encoding="UTF-8"?>
<!-- Generated by org.testng.reporters.JUnitReportReporter -->
<testsuite hostname="LAPTOP-I0G6BM00" failures="0" tests="1" name="com.mindtree.Runner.BookRunner" time="166.647" errors="0" timestamp="2021-11-09T12:37:29 IST" skipped="0">
  <testcase classname="com.mindtree.Runner.BookRunner" name="runScenario" time="166.647"/>
</testsuite> <!-- com.mindtree.Runner.BookRunner -->
